<?xml version="1.0" encoding="UTF-8"?>
<testsuite name="com.sparta.springprepare.SpringPrepareApplicationTests" tests="1" skipped="0" failures="0" errors="0" timestamp="2023-11-01T01:41:31" hostname="DESKTOP-3SLBQL1" time="1.728">
  <properties/>
  <testcase name="contextLoads()" classname="com.sparta.springprepare.SpringPrepareApplicationTests" time="1.728"/>
  <system-out><![CDATA[10:41:27.799 [Test worker] INFO org.springframework.test.context.support.AnnotationConfigContextLoaderUtils -- Could not detect default configuration classes for test class [com.sparta.springprepare.SpringPrepareApplicationTests]: SpringPrepareApplicationTests does not declare any static, non-private, non-final, nested classes annotated with @Configuration.
10:41:28.008 [Test worker] INFO org.springframework.boot.test.context.SpringBootTestContextBootstrapper -- Found @SpringBootConfiguration com.sparta.springprepare.SpringPrepareApplication for test class com.sparta.springprepare.SpringPrepareApplicationTests

  .   ____          _            __ _ _
 /\\ / ___'_ __ _ _(_)_ __  __ _ \ \ \ \
( ( )\___ | '_ | '_| | '_ \/ _` | \ \ \ \
 \\/  ___)| |_)| | | | | || (_| |  ) ) ) )
  '  |____| .__|_| |_|_| |_\__, | / / / /
 =========|_|==============|___/=/_/_/_/
 :: Spring Boot ::                (v3.1.0)

2023-11-01T10:41:29.010+09:00  INFO 20732 --- [    Test worker] c.s.s.SpringPrepareApplicationTests      : Starting SpringPrepareApplicationTests using Java 17.0.8 with PID 20732 (started by leeye in C:\Users\leeye\sparta\spring\week1\spring-prepare)
2023-11-01T10:41:29.013+09:00  INFO 20732 --- [    Test worker] c.s.s.SpringPrepareApplicationTests      : No active profile set, falling back to 1 default profile: "default"
2023-11-01T10:41:31.897+09:00  INFO 20732 --- [    Test worker] c.s.s.SpringPrepareApplicationTests      : Started SpringPrepareApplicationTests in 3.408 seconds (process running for 6.062)
]]></system-out>
  <system-err><![CDATA[]]></system-err>
</testsuite>
