<?xml version="1.0" encoding="UTF-8"?>
<testsuite name="com.sparta.memo.TransactionTest" tests="1" skipped="0" failures="0" errors="0" timestamp="2023-11-03T01:04:48" hostname="DESKTOP-3SLBQL1" time="2.461">
  <properties/>
  <testcase name="트랜잭션 전파 테스트" classname="com.sparta.memo.TransactionTest" time="2.461"/>
  <system-out><![CDATA[10:04:31.244 [Test worker] INFO org.springframework.test.context.support.AnnotationConfigContextLoaderUtils -- Could not detect default configuration classes for test class [com.sparta.memo.TransactionTest]: TransactionTest does not declare any static, non-private, non-final, nested classes annotated with @Configuration.
10:04:31.704 [Test worker] INFO org.springframework.boot.test.context.SpringBootTestContextBootstrapper -- Found @SpringBootConfiguration com.sparta.memo.MemoApplication for test class com.sparta.memo.TransactionTest

  .   ____          _            __ _ _
 /\\ / ___'_ __ _ _(_)_ __  __ _ \ \ \ \
( ( )\___ | '_ | '_| | '_ \/ _` | \ \ \ \
 \\/  ___)| |_)| | | | | || (_| |  ) ) ) )
  '  |____| .__|_| |_|_| |_\__, | / / / /
 =========|_|==============|___/=/_/_/_/
 :: Spring Boot ::                (v3.1.5)

2023-11-03T10:04:33.358+09:00  INFO 15196 --- [    Test worker] com.sparta.memo.TransactionTest          : Starting TransactionTest using Java 17.0.8 with PID 15196 (started by leeye in C:\Users\leeye\sparta\spring\week1\memo)
2023-11-03T10:04:33.361+09:00  INFO 15196 --- [    Test worker] com.sparta.memo.TransactionTest          : No active profile set, falling back to 1 default profile: "default"
2023-11-03T10:04:35.800+09:00  INFO 15196 --- [    Test worker] .s.d.r.c.RepositoryConfigurationDelegate : Bootstrapping Spring Data JPA repositories in DEFAULT mode.
2023-11-03T10:04:35.886+09:00  INFO 15196 --- [    Test worker] .s.d.r.c.RepositoryConfigurationDelegate : Finished Spring Data repository scanning in 54 ms. Found 0 JPA repository interfaces.
2023-11-03T10:04:37.560+09:00  INFO 15196 --- [    Test worker] o.hibernate.jpa.internal.util.LogHelper  : HHH000204: Processing PersistenceUnitInfo [name: default]
2023-11-03T10:04:37.927+09:00  INFO 15196 --- [    Test worker] org.hibernate.Version                    : HHH000412: Hibernate ORM core version 6.2.13.Final
2023-11-03T10:04:37.945+09:00  INFO 15196 --- [    Test worker] org.hibernate.cfg.Environment            : HHH000406: Using bytecode reflection optimizer
2023-11-03T10:04:40.626+09:00  INFO 15196 --- [    Test worker] o.s.o.j.p.SpringPersistenceUnitInfo      : No LoadTimeWeaver setup: ignoring JPA class transformer
2023-11-03T10:04:40.812+09:00  INFO 15196 --- [    Test worker] com.zaxxer.hikari.HikariDataSource       : HikariPool-1 - Starting...
2023-11-03T10:04:42.057+09:00  INFO 15196 --- [    Test worker] com.zaxxer.hikari.pool.HikariPool        : HikariPool-1 - Added connection com.mysql.cj.jdbc.ConnectionImpl@2f60cbf2
2023-11-03T10:04:42.065+09:00  INFO 15196 --- [    Test worker] com.zaxxer.hikari.HikariDataSource       : HikariPool-1 - Start completed.
2023-11-03T10:04:45.745+09:00  INFO 15196 --- [    Test worker] o.h.e.t.j.p.i.JtaPlatformInitiator       : HHH000489: No JTA platform available (set 'hibernate.transaction.jta.platform' to enable JTA platform integration)
2023-11-03T10:04:45.999+09:00  INFO 15196 --- [    Test worker] j.LocalContainerEntityManagerFactoryBean : Initialized JPA EntityManagerFactory for persistence unit 'default'
2023-11-03T10:04:46.677+09:00  WARN 15196 --- [    Test worker] JpaBaseConfiguration$JpaWebConfiguration : spring.jpa.open-in-view is enabled by default. Therefore, database queries may be performed during view rendering. Explicitly configure spring.jpa.open-in-view to disable this warning
2023-11-03T10:04:47.575+09:00  INFO 15196 --- [    Test worker] o.s.b.a.w.s.WelcomePageHandlerMapping    : Adding welcome page: class path resource [static/index.html]
2023-11-03T10:04:48.353+09:00  INFO 15196 --- [    Test worker] com.sparta.memo.TransactionTest          : Started TransactionTest in 15.9 seconds (process running for 22.391)
Hibernate: 
    select
        m1_0.id,
        m1_0.contents,
        m1_0.username 
    from
        memo m1_0 
    where
        m1_0.id=?
createMemo 메서드 종료
테스트 test3 메서드 종료
Hibernate: 
    /* update
        for com.sparta.memo.entity.Memo */update memo 
    set
        contents=?,
        username=? 
    where
        id=?
]]></system-out>
  <system-err><![CDATA[]]></system-err>
</testsuite>
