<?xml version="1.0" encoding="UTF-8"?>
<testsuite name="com.sparta.jpaadvance.orphan.OrphanTest" tests="1" skipped="0" failures="0" errors="0" timestamp="2023-11-10T06:27:04" hostname="DESKTOP-3SLBQL1" time="1.147">
  <properties/>
  <testcase name="init()" classname="com.sparta.jpaadvance.orphan.OrphanTest" time="1.147"/>
  <system-out><![CDATA[15:26:55.240 [Test worker] INFO org.springframework.test.context.support.AnnotationConfigContextLoaderUtils -- Could not detect default configuration classes for test class [com.sparta.jpaadvance.orphan.OrphanTest]: OrphanTest does not declare any static, non-private, non-final, nested classes annotated with @Configuration.
15:26:55.432 [Test worker] INFO org.springframework.boot.test.context.SpringBootTestContextBootstrapper -- Found @SpringBootConfiguration com.sparta.jpaadvance.JpaAdvanceApplication for test class com.sparta.jpaadvance.orphan.OrphanTest

  .   ____          _            __ _ _
 /\\ / ___'_ __ _ _(_)_ __  __ _ \ \ \ \
( ( )\___ | '_ | '_| | '_ \/ _` | \ \ \ \
 \\/  ___)| |_)| | | | | || (_| |  ) ) ) )
  '  |____| .__|_| |_|_| |_\__, | / / / /
 =========|_|==============|___/=/_/_/_/
 :: Spring Boot ::                (v3.1.5)

2023-11-10T15:26:56.156+09:00  INFO 7720 --- [    Test worker] c.sparta.jpaadvance.orphan.OrphanTest    : Starting OrphanTest using Java 17.0.8 with PID 7720 (started by leeye in C:\Users\leeye\sparta\jpa-advance)
2023-11-10T15:26:56.159+09:00  INFO 7720 --- [    Test worker] c.sparta.jpaadvance.orphan.OrphanTest    : No active profile set, falling back to 1 default profile: "default"
2023-11-10T15:26:57.267+09:00  INFO 7720 --- [    Test worker] .s.d.r.c.RepositoryConfigurationDelegate : Bootstrapping Spring Data JPA repositories in DEFAULT mode.
2023-11-10T15:26:57.393+09:00  INFO 7720 --- [    Test worker] .s.d.r.c.RepositoryConfigurationDelegate : Finished Spring Data repository scanning in 112 ms. Found 3 JPA repository interfaces.
2023-11-10T15:26:58.242+09:00  INFO 7720 --- [    Test worker] o.hibernate.jpa.internal.util.LogHelper  : HHH000204: Processing PersistenceUnitInfo [name: default]
2023-11-10T15:26:58.391+09:00  INFO 7720 --- [    Test worker] org.hibernate.Version                    : HHH000412: Hibernate ORM core version 6.2.13.Final
2023-11-10T15:26:58.398+09:00  INFO 7720 --- [    Test worker] org.hibernate.cfg.Environment            : HHH000406: Using bytecode reflection optimizer
2023-11-10T15:26:58.902+09:00  INFO 7720 --- [    Test worker] o.s.o.j.p.SpringPersistenceUnitInfo      : No LoadTimeWeaver setup: ignoring JPA class transformer
2023-11-10T15:26:58.951+09:00  INFO 7720 --- [    Test worker] com.zaxxer.hikari.HikariDataSource       : HikariPool-1 - Starting...
2023-11-10T15:26:59.886+09:00  INFO 7720 --- [    Test worker] com.zaxxer.hikari.pool.HikariPool        : HikariPool-1 - Added connection com.mysql.cj.jdbc.ConnectionImpl@5fdb7394
2023-11-10T15:26:59.889+09:00  INFO 7720 --- [    Test worker] com.zaxxer.hikari.HikariDataSource       : HikariPool-1 - Start completed.
2023-11-10T15:27:01.782+09:00  INFO 7720 --- [    Test worker] o.h.e.t.j.p.i.JtaPlatformInitiator       : HHH000489: No JTA platform available (set 'hibernate.transaction.jta.platform' to enable JTA platform integration)
Hibernate: 
    create table food (
        id bigint not null auto_increment,
        name varchar(255),
        price float(53) not null,
        user_id bigint,
        primary key (id)
    ) engine=InnoDB
Hibernate: 
    create table orders (
        id bigint not null auto_increment,
        order_date datetime(6),
        food_id bigint,
        user_id bigint,
        primary key (id)
    ) engine=InnoDB
Hibernate: 
    create table users (
        id bigint not null auto_increment,
        name varchar(255),
        primary key (id)
    ) engine=InnoDB
Hibernate: 
    alter table food 
       add constraint FKonuv85jhrw21c6y3c9cg0ep6o 
       foreign key (user_id) 
       references users (id)
Hibernate: 
    alter table orders 
       add constraint FK5g4j2r53ncoltplogbnqlpt30 
       foreign key (food_id) 
       references food (id)
Hibernate: 
    alter table orders 
       add constraint FK32ql8ubntj5uh44ph9659tiih 
       foreign key (user_id) 
       references users (id)
2023-11-10T15:27:02.322+09:00  INFO 7720 --- [    Test worker] j.LocalContainerEntityManagerFactoryBean : Initialized JPA EntityManagerFactory for persistence unit 'default'
2023-11-10T15:27:02.640+09:00  WARN 7720 --- [    Test worker] JpaBaseConfiguration$JpaWebConfiguration : spring.jpa.open-in-view is enabled by default. Therefore, database queries may be performed during view rendering. Explicitly configure spring.jpa.open-in-view to disable this warning
2023-11-10T15:27:03.960+09:00  INFO 7720 --- [    Test worker] c.sparta.jpaadvance.orphan.OrphanTest    : Started OrphanTest in 8.209 seconds (process running for 11.457)
Hibernate: 
    /* insert for
        com.sparta.jpaadvance.entity.User */insert 
    into
        users (name) 
    values
        (?)
Hibernate: 
    /* insert for
        com.sparta.jpaadvance.entity.User */insert 
    into
        users (name) 
    values
        (?)
Hibernate: 
    /* insert for
        com.sparta.jpaadvance.entity.Food */insert 
    into
        food (name,price,user_id) 
    values
        (?,?,?)
Hibernate: 
    /* insert for
        com.sparta.jpaadvance.entity.Food */insert 
    into
        food (name,price,user_id) 
    values
        (?,?,?)
Hibernate: 
    /* insert for
        com.sparta.jpaadvance.entity.Food */insert 
    into
        food (name,price,user_id) 
    values
        (?,?,?)
Hibernate: 
    /* insert for
        com.sparta.jpaadvance.entity.Food */insert 
    into
        food (name,price,user_id) 
    values
        (?,?,?)
Hibernate: 
    /* insert for
        com.sparta.jpaadvance.entity.Food */insert 
    into
        food (name,price,user_id) 
    values
        (?,?,?)
]]></system-out>
  <system-err><![CDATA[]]></system-err>
</testsuite>
